#
# There is insufficient memory for the Java Runtime Environment to continue.
# Native memory allocation (malloc) failed to allocate 1436656 bytes. Error detail: Chunk::new
# Possible reasons:
#   The system is out of physical RAM or swap space
#   This process is running with CompressedOops enabled, and the Java Heap may be blocking the growth of the native heap
# Possible solutions:
#   Reduce memory load on the system
#   Increase physical memory or swap space
#   Check if swap backing store is full
#   Decrease Java heap size (-Xmx/-Xms)
#   Decrease number of Java threads
#   Decrease Java thread stack sizes (-Xss)
#   Set larger code cache with -XX:ReservedCodeCacheSize=
#   JVM is running with Unscaled Compressed Oops mode in which the Java heap is
#     placed in the first 4GB address space. The Java Heap base address is the
#     maximum limit for the native heap growth. Please use -XX:HeapBaseMinAddress
#     to set the Java Heap base and to place the Java Heap above 4GB virtual address.
# This output file may be truncated or incomplete.
#
#  Out of Memory Error (arena.cpp:168), pid=50380, tid=25140
#
# JRE version: OpenJDK Runtime Environment (21.0.5) (build 21.0.5+-13047016-b750.29)
# Java VM: OpenJDK 64-Bit Server VM (21.0.5+-13047016-b750.29, mixed mode, tiered, compressed oops, compressed class ptrs, g1 gc, windows-amd64)
# No core dump will be written. Minidumps are not enabled by default on client versions of Windows
#

---------------  S U M M A R Y ------------

Command Line: --add-opens=java.base/java.lang=ALL-UNNAMED --add-opens=java.base/java.lang.invoke=ALL-UNNAMED --add-opens=java.base/java.util=ALL-UNNAMED --add-opens=java.prefs/java.util.prefs=ALL-UNNAMED --add-exports=jdk.compiler/com.sun.tools.javac.api=ALL-UNNAMED --add-exports=jdk.compiler/com.sun.tools.javac.util=ALL-UNNAMED --add-opens=java.base/java.util=ALL-UNNAMED --add-opens=java.prefs/java.util.prefs=ALL-UNNAMED --add-opens=java.base/java.nio.charset=ALL-UNNAMED --add-opens=java.base/java.net=ALL-UNNAMED --add-opens=java.base/java.util.concurrent.atomic=ALL-UNNAMED --add-opens=java.xml/javax.xml.namespace=ALL-UNNAMED -Xmx2048m -Dfile.encoding=UTF-8 -Duser.country=US -Duser.language=en -Duser.variant -javaagent:C:\Users\Dell\.gradle\wrapper\dists\gradle-8.11.1-bin\bpt9gzteqjrbo1mjrsomdt32c\gradle-8.11.1\lib\agents\gradle-instrumentation-agent-8.11.1.jar org.gradle.launcher.daemon.bootstrap.GradleDaemon 8.11.1

Host: Intel(R) Core(TM) i7-10750H CPU @ 2.60GHz, 12 cores, 15G,  Windows 11 , 64 bit Build 26100 (10.0.26100.7019)
Time: Thu Nov  6 18:44:05 2025 SE Asia Standard Time elapsed time: 13.374330 seconds (0d 0h 0m 13s)

---------------  T H R E A D  ---------------

Current thread (0x0000023ddebb5fe0):  JavaThread "C2 CompilerThread0" daemon [_thread_in_native, id=25140, stack(0x000000d1fff00000,0x000000d200000000) (1024K)]


Current CompileTask:
C2:13374 5254       4       java.net.URLClassLoader$1::run (5 bytes)

Stack: [0x000000d1fff00000,0x000000d200000000]
Native frames: (J=compiled Java code, j=interpreted, Vv=VM code, C=native code)
V  [jvm.dll+0x6cfb29]
V  [jvm.dll+0x85df93]
V  [jvm.dll+0x8604ee]
V  [jvm.dll+0x860bd3]
V  [jvm.dll+0x27e6b6]
V  [jvm.dll+0xbff6d]
V  [jvm.dll+0xc04a3]
V  [jvm.dll+0x3b5fc1]
V  [jvm.dll+0x1de664]
V  [jvm.dll+0x247db4]
V  [jvm.dll+0x247231]
V  [jvm.dll+0x1c5ee4]
V  [jvm.dll+0x25697c]
V  [jvm.dll+0x254ec6]
V  [jvm.dll+0x3f0ce6]
V  [jvm.dll+0x806368]
V  [jvm.dll+0x6ce3fd]
C  [ucrtbase.dll+0x37b0]
C  [KERNEL32.DLL+0x2e8d7]
C  [ntdll.dll+0x8c53c]


---------------  P R O C E S S  ---------------

Threads class SMR info:
_java_thread_list=0x0000023de872eec0, length=37, elements={
0x0000023dc672e790, 0x0000023ddeb4baf0, 0x0000023ddeb4c540, 0x0000023ddebacf20,
0x0000023ddebad580, 0x0000023ddeb6fc80, 0x0000023ddeb79870, 0x0000023ddebb5fe0,
0x0000023ddebb7860, 0x0000023ddeca5a60, 0x0000023ddee552b0, 0x0000023ddebb8600,
0x0000023de4a60d80, 0x0000023de3c916e0, 0x0000023de416c5b0, 0x0000023de4b44470,
0x0000023de4b93590, 0x0000023de4ad1360, 0x0000023de3d81540, 0x0000023de49be090,
0x0000023de49be720, 0x0000023de49bedb0, 0x0000023de52e69e0, 0x0000023de52e4910,
0x0000023de52e4280, 0x0000023ddebb7f30, 0x0000023de52e5630, 0x0000023de52e3bf0,
0x0000023de52e6350, 0x0000023de52e7070, 0x0000023de52e8420, 0x0000023de52e7d90,
0x0000023de52e7700, 0x0000023de52e8ab0, 0x0000023de52e9140, 0x0000023de52ea4f0,
0x0000023dea2dfad0
}

Java Threads: ( => current thread )
  0x0000023dc672e790 JavaThread "main"                              [_thread_blocked, id=79188, stack(0x000000d1ff100000,0x000000d1ff200000) (1024K)]
  0x0000023ddeb4baf0 JavaThread "Reference Handler"          daemon [_thread_blocked, id=111436, stack(0x000000d1ff900000,0x000000d1ffa00000) (1024K)]
  0x0000023ddeb4c540 JavaThread "Finalizer"                  daemon [_thread_blocked, id=4084, stack(0x000000d1ffa00000,0x000000d1ffb00000) (1024K)]
  0x0000023ddebacf20 JavaThread "Signal Dispatcher"          daemon [_thread_blocked, id=59684, stack(0x000000d1ffb00000,0x000000d1ffc00000) (1024K)]
  0x0000023ddebad580 JavaThread "Attach Listener"            daemon [_thread_blocked, id=65572, stack(0x000000d1ffc00000,0x000000d1ffd00000) (1024K)]
  0x0000023ddeb6fc80 JavaThread "Service Thread"             daemon [_thread_blocked, id=23392, stack(0x000000d1ffd00000,0x000000d1ffe00000) (1024K)]
  0x0000023ddeb79870 JavaThread "Monitor Deflation Thread"   daemon [_thread_blocked, id=74348, stack(0x000000d1ffe00000,0x000000d1fff00000) (1024K)]
=>0x0000023ddebb5fe0 JavaThread "C2 CompilerThread0"         daemon [_thread_in_native, id=25140, stack(0x000000d1fff00000,0x000000d200000000) (1024K)]
  0x0000023ddebb7860 JavaThread "C1 CompilerThread0"         daemon [_thread_in_native, id=70372, stack(0x000000d180000000,0x000000d180100000) (1024K)]
  0x0000023ddeca5a60 JavaThread "Common-Cleaner"             daemon [_thread_blocked, id=80320, stack(0x000000d180100000,0x000000d180200000) (1024K)]
  0x0000023ddee552b0 JavaThread "Notification Thread"        daemon [_thread_blocked, id=38996, stack(0x000000d180200000,0x000000d180300000) (1024K)]
  0x0000023ddebb8600 JavaThread "C2 CompilerThread1"         daemon [_thread_in_native, id=111560, stack(0x000000d180300000,0x000000d180400000) (1024K)]
  0x0000023de4a60d80 JavaThread "Daemon health stats"               [_thread_blocked, id=75664, stack(0x000000d180a00000,0x000000d180b00000) (1024K)]
  0x0000023de3c916e0 JavaThread "Incoming local TCP Connector on port 56636"        [_thread_in_native, id=97716, stack(0x000000d180b00000,0x000000d180c00000) (1024K)]
  0x0000023de416c5b0 JavaThread "Daemon periodic checks"            [_thread_blocked, id=19292, stack(0x000000d180c00000,0x000000d180d00000) (1024K)]
  0x0000023de4b44470 JavaThread "Daemon"                            [_thread_blocked, id=84496, stack(0x000000d180d00000,0x000000d180e00000) (1024K)]
  0x0000023de4b93590 JavaThread "Handler for socket connection from /127.0.0.1:56636 to /127.0.0.1:56637"        [_thread_in_native, id=38024, stack(0x000000d180e00000,0x000000d180f00000) (1024K)]
  0x0000023de4ad1360 JavaThread "Cancel handler"                    [_thread_blocked, id=66432, stack(0x000000d180f00000,0x000000d181000000) (1024K)]
  0x0000023de3d81540 JavaThread "Daemon worker"                     [_thread_in_Java, id=97244, stack(0x000000d181000000,0x000000d181100000) (1024K)]
  0x0000023de49be090 JavaThread "Asynchronous log dispatcher for DefaultDaemonConnection: socket connection from /127.0.0.1:56636 to /127.0.0.1:56637"        [_thread_blocked, id=13164, stack(0x000000d181100000,0x000000d181200000) (1024K)]
  0x0000023de49be720 JavaThread "Stdin handler"                     [_thread_blocked, id=110520, stack(0x000000d181200000,0x000000d181300000) (1024K)]
  0x0000023de49bedb0 JavaThread "Daemon client event forwarder"        [_thread_blocked, id=61352, stack(0x000000d181300000,0x000000d181400000) (1024K)]
  0x0000023de52e69e0 JavaThread "Cache worker for journal cache (C:\Users\Dell\.gradle\caches\journal-1)"        [_thread_blocked, id=55848, stack(0x000000d181900000,0x000000d181a00000) (1024K)]
  0x0000023de52e4910 JavaThread "File lock request listener"        [_thread_in_native, id=80948, stack(0x000000d181a00000,0x000000d181b00000) (1024K)]
  0x0000023de52e4280 JavaThread "Cache worker for file hash cache (C:\Users\Dell\.gradle\caches\8.11.1\fileHashes)"        [_thread_blocked, id=77220, stack(0x000000d181b00000,0x000000d181c00000) (1024K)]
  0x0000023ddebb7f30 JavaThread "C2 CompilerThread2"         daemon [_thread_in_native, id=64504, stack(0x000000d181c00000,0x000000d181d00000) (1024K)]
  0x0000023de52e5630 JavaThread "Cache worker for file content cache (C:\Users\Dell\.gradle\caches\8.11.1\fileContent)"        [_thread_blocked, id=90316, stack(0x000000d181d00000,0x000000d181e00000) (1024K)]
  0x0000023de52e3bf0 JavaThread "Cache worker for file hash cache (D:\TLCN\CampusLife_mobile\CampusLife\.gradle\8.11.1\fileHashes)"        [_thread_blocked, id=80124, stack(0x000000d181e00000,0x000000d181f00000) (1024K)]
  0x0000023de52e6350 JavaThread "Cache worker for Build Output Cleanup Cache (D:\TLCN\CampusLife_mobile\CampusLife\.gradle\buildOutputCleanup)"        [_thread_blocked, id=104012, stack(0x000000d181f00000,0x000000d182000000) (1024K)]
  0x0000023de52e7070 JavaThread "File watcher server"        daemon [_thread_in_native, id=4464, stack(0x000000d182000000,0x000000d182100000) (1024K)]
  0x0000023de52e8420 JavaThread "File watcher consumer"      daemon [_thread_blocked, id=94084, stack(0x000000d182100000,0x000000d182200000) (1024K)]
  0x0000023de52e7d90 JavaThread "Cache worker for checksums cache (D:\TLCN\CampusLife_mobile\CampusLife\.gradle\8.11.1\checksums)"        [_thread_blocked, id=94072, stack(0x000000d182200000,0x000000d182300000) (1024K)]
  0x0000023de52e7700 JavaThread "Cache worker for cache directory md-rule (C:\Users\Dell\.gradle\caches\8.11.1\md-rule)"        [_thread_blocked, id=67668, stack(0x000000d182300000,0x000000d182400000) (1024K)]
  0x0000023de52e8ab0 JavaThread "Cache worker for cache directory md-supplier (C:\Users\Dell\.gradle\caches\8.11.1\md-supplier)"        [_thread_blocked, id=1972, stack(0x000000d182400000,0x000000d182500000) (1024K)]
  0x0000023de52e9140 JavaThread "jar transforms"                    [_thread_blocked, id=87772, stack(0x000000d182500000,0x000000d182600000) (1024K)]
  0x0000023de52ea4f0 JavaThread "jar transforms Thread 2"           [_thread_blocked, id=89768, stack(0x000000d182600000,0x000000d182700000) (1024K)]
  0x0000023dea2dfad0 JavaThread "jar transforms Thread 3"           [_thread_blocked, id=90036, stack(0x000000d182700000,0x000000d182800000) (1024K)]
Total: 37

Other Threads:
  0x0000023ddeb214f0 VMThread "VM Thread"                           [id=104624, stack(0x000000d1ff800000,0x000000d1ff900000) (1024K)]
  0x0000023ddeae09d0 WatcherThread "VM Periodic Task Thread"        [id=98900, stack(0x000000d1ff700000,0x000000d1ff800000) (1024K)]
  0x0000023dc6787d40 WorkerThread "GC Thread#0"                     [id=68892, stack(0x000000d1ff200000,0x000000d1ff300000) (1024K)]
  0x0000023de359d950 WorkerThread "GC Thread#1"                     [id=87088, stack(0x000000d180500000,0x000000d180600000) (1024K)]
  0x0000023de3560520 WorkerThread "GC Thread#2"                     [id=30468, stack(0x000000d180600000,0x000000d180700000) (1024K)]
  0x0000023de36f3c60 WorkerThread "GC Thread#3"                     [id=52808, stack(0x000000d180700000,0x000000d180800000) (1024K)]
  0x0000023de36f4000 WorkerThread "GC Thread#4"                     [id=86352, stack(0x000000d180800000,0x000000d180900000) (1024K)]
  0x0000023de380d120 WorkerThread "GC Thread#5"                     [id=63844, stack(0x000000d180900000,0x000000d180a00000) (1024K)]
  0x0000023de4af2930 WorkerThread "GC Thread#6"                     [id=30156, stack(0x000000d180400000,0x000000d180500000) (1024K)]
  0x0000023de4d2dd40 WorkerThread "GC Thread#7"                     [id=47012, stack(0x000000d181400000,0x000000d181500000) (1024K)]
  0x0000023de4d2d260 WorkerThread "GC Thread#8"                     [id=26908, stack(0x000000d181500000,0x000000d181600000) (1024K)]
  0x0000023de4d2e0e0 WorkerThread "GC Thread#9"                     [id=44056, stack(0x000000d181600000,0x000000d181700000) (1024K)]
  0x0000023dc6799a70 ConcurrentGCThread "G1 Main Marker"            [id=82712, stack(0x000000d1ff300000,0x000000d1ff400000) (1024K)]
  0x0000023dc679b490 WorkerThread "G1 Conc#0"                       [id=19096, stack(0x000000d1ff400000,0x000000d1ff500000) (1024K)]
  0x0000023de4d2e480 WorkerThread "G1 Conc#1"                       [id=92532, stack(0x000000d181700000,0x000000d181800000) (1024K)]
  0x0000023de4d2d600 WorkerThread "G1 Conc#2"                       [id=64200, stack(0x000000d181800000,0x000000d181900000) (1024K)]
  0x0000023dde0db960 ConcurrentGCThread "G1 Refine#0"               [id=76848, stack(0x000000d1ff500000,0x000000d1ff600000) (1024K)]
  0x0000023dde0dd190 ConcurrentGCThread "G1 Service"                [id=83624, stack(0x000000d1ff600000,0x000000d1ff700000) (1024K)]
Total: 18

Threads with active compile tasks:
C2 CompilerThread0  13408 5254       4       java.net.URLClassLoader$1::run (5 bytes)
C2 CompilerThread1  13408 5255   !   4       java.net.URLClassLoader$1::run (81 bytes)
C2 CompilerThread2  13408 5382       4       org.gradle.internal.instantiation.generator.AbstractClassGenerator$InjectionAnnotationValidator::validateMethod (502 bytes)
Total: 3

VM state: not at safepoint (normal execution)

VM Mutex/Monitor currently owned by a thread: None

Heap address: 0x0000000080000000, size: 2048 MB, Compressed Oops mode: 32-bit

CDS archive(s) not mapped
Compressed class space mapped at: 0x0000000100000000-0x0000000140000000, reserved size: 1073741824
Narrow klass base: 0x0000000000000000, Narrow klass shift: 3, Narrow klass range: 0x140000000

GC Precious Log:
 CardTable entry size: 512
 Card Set container configuration: InlinePtr #cards 5 size 8 Array Of Cards #cards 12 size 40 Howl #buckets 4 coarsen threshold 1843 Howl Bitmap #cards 512 size 80 coarsen threshold 460 Card regions per heap region 1 cards per card region 2048
 CPUs: 12 total, 12 available
 Memory: 16145M
 Large Page Support: Disabled
 NUMA Support: Disabled
 Compressed Oops: Enabled (32-bit)
 Heap Region Size: 1M
 Heap Min Capacity: 8M
 Heap Initial Capacity: 254M
 Heap Max Capacity: 2G
 Pre-touch: Disabled
 Parallel Workers: 10
 Concurrent Workers: 3
 Concurrent Refinement Workers: 10
 Periodic GC: Disabled

Heap:
 garbage-first heap   total 112640K, used 48548K [0x0000000080000000, 0x0000000100000000)
  region size 1024K, 15 young (15360K), 7 survivors (7168K)
 Metaspace       used 59441K, committed 60928K, reserved 1114112K
  class space    used 8033K, committed 8768K, reserved 1048576K

Heap Regions: E=young(eden), S=young(survivor), O=old, HS=humongous(starts), HC=humongous(continues), CS=collection set, F=free, TAMS=top-at-mark-start, PB=parsable bottom
|   0|0x0000000080000000, 0x0000000080100000, 0x0000000080100000|100%| O|  |TAMS 0x0000000080000000| PB 0x0000000080000000| Untracked 
|   1|0x0000000080100000, 0x0000000080200000, 0x0000000080200000|100%|HS|  |TAMS 0x0000000080100000| PB 0x0000000080100000| Complete 
|   2|0x0000000080200000, 0x0000000080300000, 0x0000000080300000|100%|HC|  |TAMS 0x0000000080200000| PB 0x0000000080200000| Complete 
|   3|0x0000000080300000, 0x0000000080400000, 0x0000000080400000|100%|HC|  |TAMS 0x0000000080300000| PB 0x0000000080300000| Complete 
|   4|0x0000000080400000, 0x0000000080500000, 0x0000000080500000|100%|HS|  |TAMS 0x0000000080400000| PB 0x0000000080400000| Complete 
|   5|0x0000000080500000, 0x0000000080600000, 0x0000000080600000|100%| O|  |TAMS 0x0000000080500000| PB 0x0000000080500000| Untracked 
|   6|0x0000000080600000, 0x0000000080700000, 0x0000000080700000|100%| O|  |TAMS 0x0000000080600000| PB 0x0000000080600000| Untracked 
|   7|0x0000000080700000, 0x0000000080800000, 0x0000000080800000|100%|HS|  |TAMS 0x0000000080700000| PB 0x0000000080700000| Complete 
|   8|0x0000000080800000, 0x0000000080900000, 0x0000000080900000|100%| O|  |TAMS 0x0000000080800000| PB 0x0000000080800000| Untracked 
|   9|0x0000000080900000, 0x0000000080a00000, 0x0000000080a00000|100%| O|  |TAMS 0x0000000080900000| PB 0x0000000080900000| Untracked 
|  10|0x0000000080a00000, 0x0000000080b00000, 0x0000000080b00000|100%| O|  |TAMS 0x0000000080a00000| PB 0x0000000080a00000| Untracked 
|  11|0x0000000080b00000, 0x0000000080c00000, 0x0000000080c00000|100%| O|  |TAMS 0x0000000080b00000| PB 0x0000000080b00000| Untracked 
|  12|0x0000000080c00000, 0x0000000080d00000, 0x0000000080d00000|100%| O|  |TAMS 0x0000000080c00000| PB 0x0000000080c00000| Untracked 
|  13|0x0000000080d00000, 0x0000000080e00000, 0x0000000080e00000|100%| O|  |TAMS 0x0000000080d00000| PB 0x0000000080d00000| Untracked 
|  14|0x0000000080e00000, 0x0000000080f00000, 0x0000000080f00000|100%| O|  |TAMS 0x0000000080e00000| PB 0x0000000080e00000| Untracked 
|  15|0x0000000080f00000, 0x0000000081000000, 0x0000000081000000|100%| O|  |TAMS 0x0000000080f00000| PB 0x0000000080f00000| Untracked 
|  16|0x0000000081000000, 0x0000000081100000, 0x0000000081100000|100%| O|  |TAMS 0x0000000081000000| PB 0x0000000081000000| Untracked 
|  17|0x0000000081100000, 0x0000000081200000, 0x0000000081200000|100%| O|  |TAMS 0x0000000081100000| PB 0x0000000081100000| Untracked 
|  18|0x0000000081200000, 0x0000000081300000, 0x0000000081300000|100%| O|  |TAMS 0x0000000081200000| PB 0x0000000081200000| Untracked 
|  19|0x0000000081300000, 0x0000000081400000, 0x0000000081400000|100%| O|  |TAMS 0x0000000081300000| PB 0x0000000081300000| Untracked 
|  20|0x0000000081400000, 0x0000000081500000, 0x0000000081500000|100%| O|  |TAMS 0x0000000081400000| PB 0x0000000081400000| Untracked 
|  21|0x0000000081500000, 0x0000000081600000, 0x0000000081600000|100%| O|  |TAMS 0x0000000081500000| PB 0x0000000081500000| Untracked 
|  22|0x0000000081600000, 0x0000000081700000, 0x0000000081700000|100%| O|  |TAMS 0x0000000081600000| PB 0x0000000081600000| Untracked 
|  23|0x0000000081700000, 0x0000000081800000, 0x0000000081800000|100%| O|  |TAMS 0x0000000081700000| PB 0x0000000081700000| Untracked 
|  24|0x0000000081800000, 0x0000000081900000, 0x0000000081900000|100%| O|  |TAMS 0x0000000081800000| PB 0x0000000081800000| Untracked 
|  25|0x0000000081900000, 0x0000000081a00000, 0x0000000081a00000|100%| O|  |TAMS 0x0000000081900000| PB 0x0000000081900000| Untracked 
|  26|0x0000000081a00000, 0x0000000081b00000, 0x0000000081b00000|100%| O|Cm|TAMS 0x0000000081a00000| PB 0x0000000081a00000| Complete 
|  27|0x0000000081b00000, 0x0000000081b00000, 0x0000000081c00000|  0%| F|  |TAMS 0x0000000081b00000| PB 0x0000000081b00000| Untracked 
|  28|0x0000000081c00000, 0x0000000081c00000, 0x0000000081d00000|  0%| F|  |TAMS 0x0000000081c00000| PB 0x0000000081c00000| Untracked 
|  29|0x0000000081d00000, 0x0000000081e00000, 0x0000000081e00000|100%| O|  |TAMS 0x0000000081d00000| PB 0x0000000081d00000| Untracked 
|  30|0x0000000081e00000, 0x0000000081e00000, 0x0000000081f00000|  0%| F|  |TAMS 0x0000000081e00000| PB 0x0000000081e00000| Untracked 
|  31|0x0000000081f00000, 0x0000000081f00000, 0x0000000082000000|  0%| F|  |TAMS 0x0000000081f00000| PB 0x0000000081f00000| Untracked 
|  32|0x0000000082000000, 0x0000000082000000, 0x0000000082100000|  0%| F|  |TAMS 0x0000000082000000| PB 0x0000000082000000| Untracked 
|  33|0x0000000082100000, 0x0000000082100000, 0x0000000082200000|  0%| F|  |TAMS 0x0000000082100000| PB 0x0000000082100000| Untracked 
|  34|0x0000000082200000, 0x0000000082200000, 0x0000000082300000|  0%| F|  |TAMS 0x0000000082200000| PB 0x0000000082200000| Untracked 
|  35|0x0000000082300000, 0x0000000082400000, 0x0000000082400000|100%| O|  |TAMS 0x0000000082300000| PB 0x0000000082300000| Untracked 
|  36|0x0000000082400000, 0x0000000082500000, 0x0000000082500000|100%| O|  |TAMS 0x0000000082400000| PB 0x0000000082400000| Untracked 
|  37|0x0000000082500000, 0x0000000082600000, 0x0000000082600000|100%| O|  |TAMS 0x0000000082500000| PB 0x0000000082500000| Untracked 
|  38|0x0000000082600000, 0x0000000082600000, 0x0000000082700000|  0%| F|  |TAMS 0x0000000082600000| PB 0x0000000082600000| Untracked 
|  39|0x0000000082700000, 0x0000000082700000, 0x0000000082800000|  0%| F|  |TAMS 0x0000000082700000| PB 0x0000000082700000| Untracked 
|  40|0x0000000082800000, 0x0000000082800000, 0x0000000082900000|  0%| F|  |TAMS 0x0000000082800000| PB 0x0000000082800000| Untracked 
|  41|0x0000000082900000, 0x0000000082900000, 0x0000000082a00000|  0%| F|  |TAMS 0x0000000082900000| PB 0x0000000082900000| Untracked 
|  42|0x0000000082a00000, 0x0000000082a00000, 0x0000000082b00000|  0%| F|  |TAMS 0x0000000082a00000| PB 0x0000000082a00000| Untracked 
|  43|0x0000000082b00000, 0x0000000082b00000, 0x0000000082c00000|  0%| F|  |TAMS 0x0000000082b00000| PB 0x0000000082b00000| Untracked 
|  44|0x0000000082c00000, 0x0000000082c00000, 0x0000000082d00000|  0%| F|  |TAMS 0x0000000082c00000| PB 0x0000000082c00000| Untracked 
|  45|0x0000000082d00000, 0x0000000082d00000, 0x0000000082e00000|  0%| F|  |TAMS 0x0000000082d00000| PB 0x0000000082d00000| Untracked 
|  46|0x0000000082e00000, 0x0000000082e00000, 0x0000000082f00000|  0%| F|  |TAMS 0x0000000082e00000| PB 0x0000000082e00000| Untracked 
|  47|0x0000000082f00000, 0x0000000083000000, 0x0000000083000000|100%| S|CS|TAMS 0x0000000082f00000| PB 0x0000000082f00000| Complete 
|  48|0x0000000083000000, 0x0000000083100000, 0x0000000083100000|100%| S|CS|TAMS 0x0000000083000000| PB 0x0000000083000000| Complete 
|  49|0x0000000083100000, 0x0000000083200000, 0x0000000083200000|100%| S|CS|TAMS 0x0000000083100000| PB 0x0000000083100000| Complete 
|  50|0x0000000083200000, 0x0000000083300000, 0x0000000083300000|100%| S|CS|TAMS 0x0000000083200000| PB 0x0000000083200000| Complete 
|  51|0x0000000083300000, 0x0000000083400000, 0x0000000083400000|100%| S|CS|TAMS 0x0000000083300000| PB 0x0000000083300000| Complete 
|  52|0x0000000083400000, 0x0000000083500000, 0x0000000083500000|100%| S|CS|TAMS 0x0000000083400000| PB 0x0000000083400000| Complete 
|  53|0x0000000083500000, 0x0000000083600000, 0x0000000083600000|100%| S|CS|TAMS 0x0000000083500000| PB 0x0000000083500000| Complete 
|  54|0x0000000083600000, 0x0000000083600000, 0x0000000083700000|  0%| F|  |TAMS 0x0000000083600000| PB 0x0000000083600000| Untracked 
|  55|0x0000000083700000, 0x0000000083700000, 0x0000000083800000|  0%| F|  |TAMS 0x0000000083700000| PB 0x0000000083700000| Untracked 
|  56|0x0000000083800000, 0x0000000083800000, 0x0000000083900000|  0%| F|  |TAMS 0x0000000083800000| PB 0x0000000083800000| Untracked 
|  57|0x0000000083900000, 0x0000000083900000, 0x0000000083a00000|  0%| F|  |TAMS 0x0000000083900000| PB 0x0000000083900000| Untracked 
|  58|0x0000000083a00000, 0x0000000083a00000, 0x0000000083b00000|  0%| F|  |TAMS 0x0000000083a00000| PB 0x0000000083a00000| Untracked 
|  59|0x0000000083b00000, 0x0000000083b00000, 0x0000000083c00000|  0%| F|  |TAMS 0x0000000083b00000| PB 0x0000000083b00000| Untracked 
|  60|0x0000000083c00000, 0x0000000083c00000, 0x0000000083d00000|  0%| F|  |TAMS 0x0000000083c00000| PB 0x0000000083c00000| Untracked 
|  61|0x0000000083d00000, 0x0000000083d00000, 0x0000000083e00000|  0%| F|  |TAMS 0x0000000083d00000| PB 0x0000000083d00000| Untracked 
|  62|0x0000000083e00000, 0x0000000083e00000, 0x0000000083f00000|  0%| F|  |TAMS 0x0000000083e00000| PB 0x0000000083e00000| Untracked 
|  63|0x0000000083f00000, 0x0000000083f00000, 0x0000000084000000|  0%| F|  |TAMS 0x0000000083f00000| PB 0x0000000083f00000| Untracked 
|  64|0x0000000084000000, 0x0000000084000000, 0x0000000084100000|  0%| F|  |TAMS 0x0000000084000000| PB 0x0000000084000000| Untracked 
|  65|0x0000000084100000, 0x0000000084100000, 0x0000000084200000|  0%| F|  |TAMS 0x0000000084100000| PB 0x0000000084100000| Untracked 
|  66|0x0000000084200000, 0x0000000084200000, 0x0000000084300000|  0%| F|  |TAMS 0x0000000084200000| PB 0x0000000084200000| Untracked 
|  67|0x0000000084300000, 0x0000000084300000, 0x0000000084400000|  0%| F|  |TAMS 0x0000000084300000| PB 0x0000000084300000| Untracked 
|  68|0x0000000084400000, 0x0000000084400000, 0x0000000084500000|  0%| F|  |TAMS 0x0000000084400000| PB 0x0000000084400000| Untracked 
|  69|0x0000000084500000, 0x0000000084500000, 0x0000000084600000|  0%| F|  |TAMS 0x0000000084500000| PB 0x0000000084500000| Untracked 
|  70|0x0000000084600000, 0x0000000084600000, 0x0000000084700000|  0%| F|  |TAMS 0x0000000084600000| PB 0x0000000084600000| Untracked 
|  71|0x0000000084700000, 0x0000000084700000, 0x0000000084800000|  0%| F|  |TAMS 0x0000000084700000| PB 0x0000000084700000| Untracked 
|  72|0x0000000084800000, 0x0000000084800000, 0x0000000084900000|  0%| F|  |TAMS 0x0000000084800000| PB 0x0000000084800000| Untracked 
|  73|0x0000000084900000, 0x0000000084900000, 0x0000000084a00000|  0%| F|  |TAMS 0x0000000084900000| PB 0x0000000084900000| Untracked 
|  74|0x0000000084a00000, 0x0000000084a00000, 0x0000000084b00000|  0%| F|  |TAMS 0x0000000084a00000| PB 0x0000000084a00000| Untracked 
|  75|0x0000000084b00000, 0x0000000084b00000, 0x0000000084c00000|  0%| F|  |TAMS 0x0000000084b00000| PB 0x0000000084b00000| Untracked 
|  76|0x0000000084c00000, 0x0000000084c00000, 0x0000000084d00000|  0%| F|  |TAMS 0x0000000084c00000| PB 0x0000000084c00000| Untracked 
|  77|0x0000000084d00000, 0x0000000084d00000, 0x0000000084e00000|  0%| F|  |TAMS 0x0000000084d00000| PB 0x0000000084d00000| Untracked 
|  78|0x0000000084e00000, 0x0000000084e00000, 0x0000000084f00000|  0%| F|  |TAMS 0x0000000084e00000| PB 0x0000000084e00000| Untracked 
|  79|0x0000000084f00000, 0x0000000084f00000, 0x0000000085000000|  0%| F|  |TAMS 0x0000000084f00000| PB 0x0000000084f00000| Untracked 
|  80|0x0000000085000000, 0x0000000085000000, 0x0000000085100000|  0%| F|  |TAMS 0x0000000085000000| PB 0x0000000085000000| Untracked 
|  81|0x0000000085100000, 0x0000000085100000, 0x0000000085200000|  0%| F|  |TAMS 0x0000000085100000| PB 0x0000000085100000| Untracked 
|  82|0x0000000085200000, 0x0000000085200000, 0x0000000085300000|  0%| F|  |TAMS 0x0000000085200000| PB 0x0000000085200000| Untracked 
|  83|0x0000000085300000, 0x0000000085300000, 0x0000000085400000|  0%| F|  |TAMS 0x0000000085300000| PB 0x0000000085300000| Untracked 
|  84|0x0000000085400000, 0x0000000085400000, 0x0000000085500000|  0%| F|  |TAMS 0x0000000085400000| PB 0x0000000085400000| Untracked 
|  85|0x0000000085500000, 0x0000000085500000, 0x0000000085600000|  0%| F|  |TAMS 0x0000000085500000| PB 0x0000000085500000| Untracked 
|  86|0x0000000085600000, 0x0000000085600000, 0x0000000085700000|  0%| F|  |TAMS 0x0000000085600000| PB 0x0000000085600000| Untracked 
|  87|0x0000000085700000, 0x0000000085700000, 0x0000000085800000|  0%| F|  |TAMS 0x0000000085700000| PB 0x0000000085700000| Untracked 
|  88|0x0000000085800000, 0x0000000085800000, 0x0000000085900000|  0%| F|  |TAMS 0x0000000085800000| PB 0x0000000085800000| Untracked 
|  89|0x0000000085900000, 0x0000000085900000, 0x0000000085a00000|  0%| F|  |TAMS 0x0000000085900000| PB 0x0000000085900000| Untracked 
|  90|0x0000000085a00000, 0x0000000085a00000, 0x0000000085b00000|  0%| F|  |TAMS 0x0000000085a00000| PB 0x0000000085a00000| Untracked 
|  91|0x0000000085b00000, 0x0000000085b00000, 0x0000000085c00000|  0%| F|  |TAMS 0x0000000085b00000| PB 0x0000000085b00000| Untracked 
|  92|0x0000000085c00000, 0x0000000085c00000, 0x0000000085d00000|  0%| F|  |TAMS 0x0000000085c00000| PB 0x0000000085c00000| Untracked 
|  93|0x0000000085d00000, 0x0000000085d00000, 0x0000000085e00000|  0%| F|  |TAMS 0x0000000085d00000| PB 0x0000000085d00000| Untracked 
|  94|0x0000000085e00000, 0x0000000085e00000, 0x0000000085f00000|  0%| F|  |TAMS 0x0000000085e00000| PB 0x0000000085e00000| Untracked 
|  95|0x0000000085f00000, 0x0000000085f00000, 0x0000000086000000|  0%| F|  |TAMS 0x0000000085f00000| PB 0x0000000085f00000| Untracked 
|  96|0x0000000086000000, 0x0000000086000000, 0x0000000086100000|  0%| F|  |TAMS 0x0000000086000000| PB 0x0000000086000000| Untracked 
| 220|0x000000008dc00000, 0x000000008dc00000, 0x000000008dd00000|  0%| F|  |TAMS 0x000000008dc00000| PB 0x000000008dc00000| Untracked 
| 221|0x000000008dd00000, 0x000000008dd80000, 0x000000008de00000| 50%| E|  |TAMS 0x000000008dd00000| PB 0x000000008dd00000| Complete 
| 222|0x000000008de00000, 0x000000008df00000, 0x000000008df00000|100%| E|CS|TAMS 0x000000008de00000| PB 0x000000008de00000| Complete 
| 223|0x000000008df00000, 0x000000008e000000, 0x000000008e000000|100%| E|CS|TAMS 0x000000008df00000| PB 0x000000008df00000| Complete 
| 224|0x000000008e000000, 0x000000008e100000, 0x000000008e100000|100%| E|CS|TAMS 0x000000008e000000| PB 0x000000008e000000| Complete 
| 225|0x000000008e100000, 0x000000008e200000, 0x000000008e200000|100%| E|CS|TAMS 0x000000008e100000| PB 0x000000008e100000| Complete 
| 226|0x000000008e200000, 0x000000008e300000, 0x000000008e300000|100%| E|CS|TAMS 0x000000008e200000| PB 0x000000008e200000| Complete 
| 227|0x000000008e300000, 0x000000008e400000, 0x000000008e400000|100%| E|CS|TAMS 0x000000008e300000| PB 0x000000008e300000| Complete 
| 228|0x000000008e400000, 0x000000008e500000, 0x000000008e500000|100%| E|CS|TAMS 0x000000008e400000| PB 0x000000008e400000| Complete 
| 253|0x000000008fd00000, 0x000000008fe00000, 0x000000008fe00000|100%| E|CS|TAMS 0x000000008fd00000| PB 0x000000008fd00000| Complete 
|2045|0x00000000ffd00000, 0x00000000ffd692d0, 0x00000000ffe00000| 41%| O|  |TAMS 0x00000000ffd00000| PB 0x00000000ffd00000| Untracked 
|2046|0x00000000ffe00000, 0x00000000fff00000, 0x00000000fff00000|100%| O|  |TAMS 0x00000000ffe00000| PB 0x00000000ffe00000| Untracked 
|2047|0x00000000fff00000, 0x0000000100000000, 0x0000000100000000|100%| O|  |TAMS 0x00000000fff00000| PB 0x00000000fff00000| Untracked 

Card table byte_map: [0x0000023dd9930000,0x0000023dd9d30000] _byte_map_base: 0x0000023dd9530000

Marking Bits: (CMBitMap*) 0x0000023dc6788350
 Bits: [0x0000023dd9d30000, 0x0000023ddbd30000)

Polling page: 0x0000023dc4f20000

Metaspace:

Usage:
  Non-class:     50.22 MB used.
      Class:      7.85 MB used.
       Both:     58.07 MB used.

Virtual space:
  Non-class space:       64.00 MB reserved,      51.00 MB ( 80%) committed,  1 nodes.
      Class space:        1.00 GB reserved,       8.56 MB ( <1%) committed,  1 nodes.
             Both:        1.06 GB reserved,      59.56 MB (  5%) committed. 

Chunk freelists:
   Non-Class:  12.86 MB
       Class:  7.27 MB
        Both:  20.13 MB

MaxMetaspaceSize: unlimited
CompressedClassSpaceSize: 1.00 GB
Initial GC threshold: 21.00 MB
Current GC threshold: 98.75 MB
CDS: off
 - commit_granule_bytes: 65536.
 - commit_granule_words: 8192.
 - virtual_space_node_default_size: 8388608.
 - enlarge_chunks_in_place: 1.
 - use_allocation_guard: 0.


Internal statistics:

num_allocs_failed_limit: 9.
num_arena_births: 2872.
num_arena_deaths: 0.
num_vsnodes_births: 2.
num_vsnodes_deaths: 0.
num_space_committed: 953.
num_space_uncommitted: 0.
num_chunks_returned_to_freelist: 9.
num_chunks_taken_from_freelist: 5268.
num_chunk_merges: 9.
num_chunk_splits: 3383.
num_chunks_enlarged: 2049.
num_inconsistent_stats: 0.

CodeHeap 'non-profiled nmethods': size=120000Kb used=3044Kb max_used=3102Kb free=116955Kb
 bounds [0x0000023dd1380000, 0x0000023dd1690000, 0x0000023dd88b0000]
CodeHeap 'profiled nmethods': size=120000Kb used=9315Kb max_used=9588Kb free=110684Kb
 bounds [0x0000023dc98b0000, 0x0000023dca210000, 0x0000023dd0de0000]
CodeHeap 'non-nmethods': size=5760Kb used=2694Kb max_used=2757Kb free=3065Kb
 bounds [0x0000023dd0de0000, 0x0000023dd10b0000, 0x0000023dd1380000]
 total_blobs=5684 nmethods=4834 adapters=754
 compilation: enabled
              stopped_count=0, restarted_count=0
 full_count=0

Compilation events (20 events):
Event: 11.362 Thread 0x0000023ddebb7860 5366       3       java.io.DataInputStream::readByte (6 bytes)
Event: 11.362 Thread 0x0000023ddebb7860 nmethod 5366 0x0000023dc9a32890 code [0x0000023dc9a32a60, 0x0000023dc9a32d98]
Event: 11.364 Thread 0x0000023ddebb7860 5368       3       com.google.common.base.Equivalence::equivalent (24 bytes)
Event: 11.364 Thread 0x0000023ddebb7860 nmethod 5368 0x0000023dc9a76010 code [0x0000023dc9a761e0, 0x0000023dc9a76490]
Event: 11.365 Thread 0x0000023ddebb7860 5369       3       java.util.function.Predicate$$Lambda/0x000000010026bde0::test (15 bytes)
Event: 11.365 Thread 0x0000023ddebb7860 nmethod 5369 0x0000023dc9949b90 code [0x0000023dc9949d60, 0x0000023dc994a1a8]
Event: 11.365 Thread 0x0000023ddebb7860 5370       3       java.util.function.Predicate::lambda$or$2 (26 bytes)
Event: 11.365 Thread 0x0000023ddebb7860 nmethod 5370 0x0000023dc9934510 code [0x0000023dc99346e0, 0x0000023dc99349f8]
Event: 11.365 Thread 0x0000023ddebb7860 5371       3       java.lang.invoke.VarHandleReferences$FieldInstanceReadWrite::weakCompareAndSet (48 bytes)
Event: 11.366 Thread 0x0000023ddebb7860 nmethod 5371 0x0000023dc9a01910 code [0x0000023dc9a01b80, 0x0000023dc9a02550]
Event: 11.366 Thread 0x0000023ddebb7860 5372       3       com.google.common.cache.LocalCache::nullEntry (4 bytes)
Event: 11.366 Thread 0x0000023ddebb7860 nmethod 5372 0x0000023dc9be5210 code [0x0000023dc9be53a0, 0x0000023dc9be5498]
Event: 11.367 Thread 0x0000023ddebb7860 5373       3       org.gradle.internal.snapshot.PathUtil::isFileSeparator (20 bytes)
Event: 11.367 Thread 0x0000023ddebb7860 nmethod 5373 0x0000023dc9a80790 code [0x0000023dc9a80920, 0x0000023dc9a80a90]
Event: 11.660 Thread 0x0000023ddebb7860 5374       3       java.util.concurrent.locks.AbstractQueuedSynchronizer$Node::clearStatus (12 bytes)
Event: 11.660 Thread 0x0000023ddebb7860 nmethod 5374 0x0000023dc9963290 code [0x0000023dc9963440, 0x0000023dc99635a0]
Event: 11.671 Thread 0x0000023ddebb7860 5375       3       java.util.concurrent.locks.AbstractQueuedSynchronizer$Node::setStatusRelaxed (12 bytes)
Event: 11.671 Thread 0x0000023ddebb7860 nmethod 5375 0x0000023dc9aaa210 code [0x0000023dc9aaa3a0, 0x0000023dc9aaa4b8]
Event: 12.002 Thread 0x0000023ddebb7860 5376       3       java.util.concurrent.locks.AbstractQueuedSynchronizer$ConditionObject::enableWait (84 bytes)
Event: 12.003 Thread 0x0000023ddebb7860 nmethod 5376 0x0000023dc995ce90 code [0x0000023dc995d0c0, 0x0000023dc995d7e0]

GC Heap History (20 events):
Event: 6.391 GC heap before
{Heap before GC invocations=1 (full 0):
 garbage-first heap   total 260096K, used 40229K [0x0000000080000000, 0x0000000100000000)
  region size 1024K, 37 young (37888K), 3 survivors (3072K)
 Metaspace       used 12150K, committed 12352K, reserved 1114112K
  class space    used 1275K, committed 1408K, reserved 1048576K
}
Event: 6.394 GC heap after
{Heap after GC invocations=2 (full 0):
 garbage-first heap   total 260096K, used 11319K [0x0000000080000000, 0x0000000100000000)
  region size 1024K, 5 young (5120K), 5 survivors (5120K)
 Metaspace       used 12150K, committed 12352K, reserved 1114112K
  class space    used 1275K, committed 1408K, reserved 1048576K
}
Event: 7.815 GC heap before
{Heap before GC invocations=2 (full 0):
 garbage-first heap   total 260096K, used 61495K [0x0000000080000000, 0x0000000100000000)
  region size 1024K, 52 young (53248K), 5 survivors (5120K)
 Metaspace       used 14264K, committed 14464K, reserved 1114112K
  class space    used 1558K, committed 1664K, reserved 1048576K
}
Event: 7.820 GC heap after
{Heap after GC invocations=3 (full 0):
 garbage-first heap   total 260096K, used 18063K [0x0000000080000000, 0x0000000100000000)
  region size 1024K, 6 young (6144K), 6 survivors (6144K)
 Metaspace       used 14264K, committed 14464K, reserved 1114112K
  class space    used 1558K, committed 1664K, reserved 1048576K
}
Event: 8.270 GC heap before
{Heap before GC invocations=3 (full 0):
 garbage-first heap   total 260096K, used 42639K [0x0000000080000000, 0x0000000100000000)
  region size 1024K, 31 young (31744K), 6 survivors (6144K)
 Metaspace       used 21194K, committed 21504K, reserved 1114112K
  class space    used 2439K, committed 2624K, reserved 1048576K
}
Event: 8.273 GC heap after
{Heap after GC invocations=4 (full 0):
 garbage-first heap   total 260096K, used 20826K [0x0000000080000000, 0x0000000100000000)
  region size 1024K, 9 young (9216K), 9 survivors (9216K)
 Metaspace       used 21194K, committed 21504K, reserved 1114112K
  class space    used 2439K, committed 2624K, reserved 1048576K
}
Event: 8.958 GC heap before
{Heap before GC invocations=5 (full 0):
 garbage-first heap   total 75776K, used 73050K [0x0000000080000000, 0x0000000100000000)
  region size 1024K, 61 young (62464K), 9 survivors (9216K)
 Metaspace       used 29631K, committed 30336K, reserved 1114112K
  class space    used 3802K, committed 4160K, reserved 1048576K
}
Event: 8.963 GC heap after
{Heap after GC invocations=6 (full 0):
 garbage-first heap   total 88064K, used 24130K [0x0000000080000000, 0x0000000100000000)
  region size 1024K, 12 young (12288K), 12 survivors (12288K)
 Metaspace       used 29631K, committed 30336K, reserved 1114112K
  class space    used 3802K, committed 4160K, reserved 1048576K
}
Event: 9.425 GC heap before
{Heap before GC invocations=6 (full 0):
 garbage-first heap   total 88064K, used 64066K [0x0000000080000000, 0x0000000100000000)
  region size 1024K, 51 young (52224K), 12 survivors (12288K)
 Metaspace       used 34984K, committed 35904K, reserved 1114112K
  class space    used 4672K, committed 5120K, reserved 1048576K
}
Event: 9.429 GC heap after
{Heap after GC invocations=7 (full 0):
 garbage-first heap   total 88064K, used 26278K [0x0000000080000000, 0x0000000100000000)
  region size 1024K, 6 young (6144K), 6 survivors (6144K)
 Metaspace       used 34984K, committed 35904K, reserved 1114112K
  class space    used 4672K, committed 5120K, reserved 1048576K
}
Event: 9.454 GC heap before
{Heap before GC invocations=7 (full 0):
 garbage-first heap   total 88064K, used 28326K [0x0000000080000000, 0x0000000100000000)
  region size 1024K, 9 young (9216K), 6 survivors (6144K)
 Metaspace       used 35215K, committed 36096K, reserved 1114112K
  class space    used 4714K, committed 5120K, reserved 1048576K
}
Event: 9.457 GC heap after
{Heap after GC invocations=8 (full 0):
 garbage-first heap   total 88064K, used 26599K [0x0000000080000000, 0x0000000100000000)
  region size 1024K, 3 young (3072K), 3 survivors (3072K)
 Metaspace       used 35215K, committed 36096K, reserved 1114112K
  class space    used 4714K, committed 5120K, reserved 1048576K
}
Event: 9.930 GC heap before
{Heap before GC invocations=9 (full 0):
 garbage-first heap   total 88064K, used 71655K [0x0000000080000000, 0x0000000100000000)
  region size 1024K, 47 young (48128K), 3 survivors (3072K)
 Metaspace       used 41698K, committed 42880K, reserved 1114112K
  class space    used 5666K, committed 6208K, reserved 1048576K
}
Event: 9.933 GC heap after
{Heap after GC invocations=10 (full 0):
 garbage-first heap   total 88064K, used 29628K [0x0000000080000000, 0x0000000100000000)
  region size 1024K, 6 young (6144K), 6 survivors (6144K)
 Metaspace       used 41698K, committed 42880K, reserved 1114112K
  class space    used 5666K, committed 6208K, reserved 1048576K
}
Event: 10.316 GC heap before
{Heap before GC invocations=10 (full 0):
 garbage-first heap   total 88064K, used 73660K [0x0000000080000000, 0x0000000100000000)
  region size 1024K, 49 young (50176K), 6 survivors (6144K)
 Metaspace       used 47470K, committed 48768K, reserved 1114112K
  class space    used 6381K, committed 7040K, reserved 1048576K
}
Event: 10.321 GC heap after
{Heap after GC invocations=11 (full 0):
 garbage-first heap   total 88064K, used 33397K [0x0000000080000000, 0x0000000100000000)
  region size 1024K, 7 young (7168K), 7 survivors (7168K)
 Metaspace       used 47470K, committed 48768K, reserved 1114112K
  class space    used 6381K, committed 7040K, reserved 1048576K
}
Event: 10.705 GC heap before
{Heap before GC invocations=11 (full 0):
 garbage-first heap   total 88064K, used 79477K [0x0000000080000000, 0x0000000100000000)
  region size 1024K, 48 young (49152K), 7 survivors (7168K)
 Metaspace       used 51436K, committed 52800K, reserved 1114112K
  class space    used 6873K, committed 7552K, reserved 1048576K
}
Event: 10.710 GC heap after
{Heap after GC invocations=12 (full 0):
 garbage-first heap   total 112640K, used 37645K [0x0000000080000000, 0x0000000100000000)
  region size 1024K, 5 young (5120K), 5 survivors (5120K)
 Metaspace       used 51436K, committed 52800K, reserved 1114112K
  class space    used 6873K, committed 7552K, reserved 1048576K
}
Event: 11.317 GC heap before
{Heap before GC invocations=12 (full 0):
 garbage-first heap   total 112640K, used 89869K [0x0000000080000000, 0x0000000100000000)
  region size 1024K, 56 young (57344K), 5 survivors (5120K)
 Metaspace       used 58940K, committed 60416K, reserved 1114112K
  class space    used 7967K, committed 8704K, reserved 1048576K
}
Event: 11.321 GC heap after
{Heap after GC invocations=13 (full 0):
 garbage-first heap   total 112640K, used 41380K [0x0000000080000000, 0x0000000100000000)
  region size 1024K, 7 young (7168K), 7 survivors (7168K)
 Metaspace       used 58940K, committed 60416K, reserved 1114112K
  class space    used 7967K, committed 8704K, reserved 1048576K
}

Dll operation events (3 events):
Event: 0.009 Loaded shared library C:\Program Files\Android\Android Studio\jbr\bin\java.dll
Event: 1.468 Loaded shared library C:\Program Files\Android\Android Studio\jbr\bin\zip.dll
Event: 2.974 Loaded shared library C:\Program Files\Android\Android Studio\jbr\bin\verify.dll

Deoptimization events (20 events):
Event: 11.232 Thread 0x0000023de3d81540 DEOPT PACKING pc=0x0000023dd13bbfd0 sp=0x000000d1810f9040
Event: 11.232 Thread 0x0000023de3d81540 DEOPT UNPACKING pc=0x0000023dd0e346a2 sp=0x000000d1810f8f98 mode 2
Event: 11.244 Thread 0x0000023de3d81540 Uncommon trap: trap_request=0xffffff45 fr.pc=0x0000023dd1656fa4 relative=0x0000000000000424
Event: 11.244 Thread 0x0000023de3d81540 Uncommon trap: reason=unstable_if action=reinterpret pc=0x0000023dd1656fa4 method=org.objectweb.asm.MethodWriter.visitVarInsn(II)V @ 108 c2
Event: 11.244 Thread 0x0000023de3d81540 DEOPT PACKING pc=0x0000023dd1656fa4 sp=0x000000d1810f8bc0
Event: 11.244 Thread 0x0000023de3d81540 DEOPT UNPACKING pc=0x0000023dd0e346a2 sp=0x000000d1810f8b78 mode 2
Event: 11.245 Thread 0x0000023de3d81540 Uncommon trap: trap_request=0xffffff45 fr.pc=0x0000023dd138dcac relative=0x000000000000010c
Event: 11.245 Thread 0x0000023de3d81540 Uncommon trap: reason=unstable_if action=reinterpret pc=0x0000023dd138dcac method=org.objectweb.asm.ByteVector.putShort(I)Lorg/objectweb/asm/ByteVector; @ 13 c2
Event: 11.245 Thread 0x0000023de3d81540 DEOPT PACKING pc=0x0000023dd138dcac sp=0x000000d1810f8af0
Event: 11.245 Thread 0x0000023de3d81540 DEOPT UNPACKING pc=0x0000023dd0e346a2 sp=0x000000d1810f8a88 mode 2
Event: 11.268 Thread 0x0000023de3d81540 Uncommon trap: trap_request=0xffffff45 fr.pc=0x0000023dd15729e4 relative=0x0000000000001484
Event: 11.268 Thread 0x0000023de3d81540 Uncommon trap: reason=unstable_if action=reinterpret pc=0x0000023dd15729e4 method=java.util.concurrent.ConcurrentHashMap.computeIfAbsent(Ljava/lang/Object;Ljava/util/function/Function;)Ljava/lang/Object; @ 123 c2
Event: 11.268 Thread 0x0000023de3d81540 DEOPT PACKING pc=0x0000023dd15729e4 sp=0x000000d1810f9f50
Event: 11.268 Thread 0x0000023de3d81540 DEOPT UNPACKING pc=0x0000023dd0e346a2 sp=0x000000d1810f9ed0 mode 2
Event: 11.340 Thread 0x0000023de3d81540 DEOPT PACKING pc=0x0000023dc9db1921 sp=0x000000d1810f82e0
Event: 11.340 Thread 0x0000023de3d81540 DEOPT UNPACKING pc=0x0000023dd0e34e42 sp=0x000000d1810f77e0 mode 0
Event: 11.360 Thread 0x0000023de3d81540 Uncommon trap: trap_request=0xffffff45 fr.pc=0x0000023dd1446294 relative=0x0000000000000074
Event: 11.360 Thread 0x0000023de3d81540 Uncommon trap: reason=unstable_if action=reinterpret pc=0x0000023dd1446294 method=java.lang.ref.ReferenceQueue.poll()Ljava/lang/ref/Reference; @ 4 c2
Event: 11.360 Thread 0x0000023de3d81540 DEOPT PACKING pc=0x0000023dd1446294 sp=0x000000d1810f85b0
Event: 11.360 Thread 0x0000023de3d81540 DEOPT UNPACKING pc=0x0000023dd0e346a2 sp=0x000000d1810f8540 mode 2

Classes loaded (20 events):
Event: 11.124 Loading class java/io/ObjectStreamClass$1
Event: 11.124 Loading class java/io/ObjectStreamClass$1 done
Event: 11.124 Loading class java/io/ObjectStreamClass$MemberSignature
Event: 11.124 Loading class java/io/ObjectStreamClass$MemberSignature done
Event: 11.124 Loading class java/io/ObjectStreamClass$3
Event: 11.124 Loading class java/io/ObjectStreamClass$3 done
Event: 11.124 Loading class java/io/ObjectStreamClass$4
Event: 11.124 Loading class java/io/ObjectStreamClass$4 done
Event: 11.124 Loading class java/io/ObjectStreamClass$5
Event: 11.124 Loading class java/io/ObjectStreamClass$5 done
Event: 11.125 Loading class java/io/ObjectStreamClass$ClassDataSlot
Event: 11.125 Loading class java/io/ObjectStreamClass$ClassDataSlot done
Event: 11.127 Loading class jdk/internal/reflect/MethodHandleLongFieldAccessorImpl
Event: 11.127 Loading class jdk/internal/reflect/MethodHandleLongFieldAccessorImpl done
Event: 11.130 Loading class java/io/SerialCallbackContext
Event: 11.130 Loading class java/io/SerialCallbackContext done
Event: 11.193 Loading class java/util/DualPivotQuicksort
Event: 11.194 Loading class java/util/DualPivotQuicksort done
Event: 11.229 Loading class java/util/function/LongUnaryOperator
Event: 11.229 Loading class java/util/function/LongUnaryOperator done

Classes unloaded (0 events):
No events

Classes redefined (0 events):
No events

Internal exceptions (20 events):
Event: 10.858 Thread 0x0000023de3d81540 Exception <a 'sun/nio/fs/WindowsException'{0x0000000085e26518}> (0x0000000085e26518) 
thrown [s\src\hotspot\share\prims\jni.cpp, line 535]
Event: 10.858 Thread 0x0000023de3d81540 Exception <a 'sun/nio/fs/WindowsException'{0x0000000085e27bc0}> (0x0000000085e27bc0) 
thrown [s\src\hotspot\share\prims\jni.cpp, line 535]
Event: 10.879 Thread 0x0000023de3d81540 Exception <a 'java/lang/NoSuchMethodError'{0x0000000085ddec90}: 'java.lang.Object java.lang.invoke.DirectMethodHandle$Holder.newInvokeSpecial(java.lang.Object, java.lang.Object, java.lang.Object, int)'> (0x0000000085ddec90) 
thrown [s\src\hotspot\share\interpreter\linkResolver.cpp, line 784]
Event: 10.879 Thread 0x0000023de3d81540 Exception <a 'java/lang/NoSuchMethodError'{0x0000000085de3078}: 'java.lang.Object java.lang.invoke.Invokers$Holder.linkToTargetMethod(java.lang.Object, java.lang.Object, int, java.lang.Object)'> (0x0000000085de3078) 
thrown [s\src\hotspot\share\interpreter\linkResolver.cpp, line 784]
Event: 10.887 Thread 0x0000023de3d81540 Exception <a 'sun/nio/fs/WindowsException'{0x0000000085c93c08}> (0x0000000085c93c08) 
thrown [s\src\hotspot\share\prims\jni.cpp, line 535]
Event: 10.916 Thread 0x0000023de3d81540 Exception <a 'java/lang/NoSuchMethodError'{0x0000000085afcfa8}: 'int java.lang.invoke.DirectMethodHandle$Holder.invokeInterface(java.lang.Object, java.lang.Object, java.lang.Object, java.lang.Object, java.lang.Object)'> (0x0000000085afcfa8) 
thrown [s\src\hotspot\share\interpreter\linkResolver.cpp, line 784]
Event: 11.015 Thread 0x0000023de3d81540 Exception <a 'java/lang/NoSuchMethodError'{0x000000008529ef10}: 'void java.lang.invoke.DirectMethodHandle$Holder.invokeStatic(java.lang.Object, java.lang.Object, java.lang.Object, java.lang.Object, java.lang.Object, java.lang.Object, java.lang.Object)'> (0x000000008529ef10) 
thrown [s\src\hotspot\share\interpreter\linkResolver.cpp, line 784]
Event: 11.124 Thread 0x0000023de49bedb0 Exception <a 'java/lang/NoSuchMethodError'{0x00000000846a6458}: static Lorg/gradle/internal/build/event/types/DefaultOperationStartedProgressEvent;.<clinit>()V> (0x00000000846a6458) 
thrown [s\src\hotspot\share\prims\jni.cpp, line 1135]
Event: 11.125 Thread 0x0000023de49bedb0 Exception <a 'java/lang/NoSuchMethodError'{0x00000000846a8700}: static Lorg/gradle/internal/build/event/types/AbstractProgressEvent;.<clinit>()V> (0x00000000846a8700) 
thrown [s\src\hotspot\share\prims\jni.cpp, line 1135]
Event: 11.126 Thread 0x0000023de49bedb0 Exception <a 'java/lang/NoSuchMethodError'{0x00000000846b9d38}: static Lorg/gradle/internal/build/event/types/DefaultProjectConfigurationDescriptor;.<clinit>()V> (0x00000000846b9d38) 
thrown [s\src\hotspot\share\prims\jni.cpp, line 1135]
Event: 11.127 Thread 0x0000023de49bedb0 Exception <a 'java/lang/NoSuchMethodError'{0x00000000846bc518}: static Lorg/gradle/internal/build/event/types/DefaultOperationDescriptor;.<clinit>()V> (0x00000000846bc518) 
thrown [s\src\hotspot\share\prims\jni.cpp, line 1135]
Event: 11.127 Thread 0x0000023de49bedb0 Exception <a 'java/lang/NoSuchMethodError'{0x00000000846c12c0}: 'long java.lang.invoke.DirectMethodHandle$Holder.invokeSpecial(java.lang.Object, java.lang.Object)'> (0x00000000846c12c0) 
thrown [s\src\hotspot\share\interpreter\linkResolver.cpp, line 784]
Event: 11.127 Thread 0x0000023de49bedb0 Exception <a 'java/lang/NoSuchMethodError'{0x00000000846c4478}: 'long java.lang.invoke.Invokers$Holder.invokeExact_MT(java.lang.Object, java.lang.Object)'> (0x00000000846c4478) 
thrown [s\src\hotspot\share\interpreter\linkResolver.cpp, line 784]
Event: 11.129 Thread 0x0000023de49bedb0 Exception <a 'java/lang/NoSuchMethodError'{0x00000000846db2b0}: static Lorg/gradle/internal/operations/OperationIdentifier;.<clinit>()V> (0x00000000846db2b0) 
thrown [s\src\hotspot\share\prims\jni.cpp, line 1135]
Event: 11.229 Thread 0x0000023de3d81540 Exception <a 'java/lang/NoSuchMethodError'{0x0000000083e8a6b0}: 'long java.lang.invoke.DirectMethodHandle$Holder.invokeStatic(java.lang.Object, long)'> (0x0000000083e8a6b0) 
thrown [s\src\hotspot\share\interpreter\linkResolver.cpp, line 784]
Event: 11.244 Thread 0x0000023de3d81540 Implicit null exception at 0x0000023dd1656c4c to 0x0000023dd1656f98
Event: 11.264 Thread 0x0000023de3d81540 Exception <a 'java/lang/NoSuchMethodError'{0x0000000083b59160}: 'java.lang.Object java.lang.invoke.DirectMethodHandle$Holder.invokeInterface(java.lang.Object, java.lang.Object, int)'> (0x0000000083b59160) 
thrown [s\src\hotspot\share\interpreter\linkResolver.cpp, line 784]
Event: 11.352 Thread 0x0000023de3d81540 Exception <a 'java/lang/NoSuchMethodError'{0x000000008e4a6340}: 'java.lang.Object java.lang.invoke.DirectMethodHandle$Holder.invokeVirtual(java.lang.Object, java.lang.Object, java.lang.Object, java.lang.Object, java.lang.Object, java.lang.Object, java.lang.Object, java.lang.Object, java.lang.Object, java.lang.Object, java.lang.Object, java.lang.Object, java.lang.Object, java.lang.Object, java.lang.Object, java.lang.Object, java.lang.Object)'> (0x000000008e4a6340) 
thrown [s\src\hotspot\share\interpreter\li
Event: 11.352 Thread 0x0000023de3d81540 Exception <a 'java/lang/NoSuchMethodError'{0x000000008e4ac310}: 'java.lang.Object java.lang.invoke.DirectMethodHandle$Holder.invokeSpecial(java.lang.Object, java.lang.Object, java.lang.Object, java.lang.Object, java.lang.Object, java.lang.Object, java.lang.Object, java.lang.Object, java.lang.Object, java.lang.Object, java.lang.Object, java.lang.Object, java.lang.Object, java.lang.Object, java.lang.Object, java.lang.Object, java.lang.Object, java.lang.Object)'> (0x000000008e4ac310) 
thrown [s\src\hotspot\sh
Event: 11.352 Thread 0x0000023de3d81540 Exception <a 'java/lang/NoSuchMethodError'{0x000000008e4b1830}: 'java.lang.Object java.lang.invoke.DelegatingMethodHandle$Holder.reinvoke_L(java.lang.Object, java.lang.Object, java.lang.Object, java.lang.Object, java.lang.Object, java.lang.Object, java.lang.Object, java.lang.Object, java.lang.Object, java.lang.Object, java.lang.Object, java.lang.Object, java.lang.Object, java.lang.Object, java.lang.Object, java.lang.Object, java.lang.Object)'> (0x000000008e4b1830) 
thrown [s\src\hotspot\share\interpreter\l

ZGC Phase Switch (0 events):
No events

VM Operations (20 events):
Event: 10.536 Executing VM operation: ICBufferFull
Event: 10.536 Executing VM operation: ICBufferFull done
Event: 10.684 Executing VM operation: HandshakeAllThreads (Deoptimize)
Event: 10.684 Executing VM operation: HandshakeAllThreads (Deoptimize) done
Event: 10.705 Executing VM operation: G1CollectForAllocation (G1 Evacuation Pause)
Event: 10.710 Executing VM operation: G1CollectForAllocation (G1 Evacuation Pause) done
Event: 11.002 Executing VM operation: HandshakeAllThreads (Deoptimize)
Event: 11.002 Executing VM operation: HandshakeAllThreads (Deoptimize) done
Event: 11.078 Executing VM operation: HandshakeAllThreads (Deoptimize)
Event: 11.078 Executing VM operation: HandshakeAllThreads (Deoptimize) done
Event: 11.086 Executing VM operation: ICBufferFull
Event: 11.086 Executing VM operation: ICBufferFull done
Event: 11.317 Executing VM operation: CollectForMetadataAllocation (Metadata GC Threshold)
Event: 11.321 Executing VM operation: CollectForMetadataAllocation (Metadata GC Threshold) done
Event: 11.338 Executing VM operation: G1PauseRemark
Event: 11.340 Executing VM operation: G1PauseRemark done
Event: 11.349 Executing VM operation: G1PauseCleanup
Event: 11.349 Executing VM operation: G1PauseCleanup done
Event: 12.356 Executing VM operation: Cleanup
Event: 12.356 Executing VM operation: Cleanup done

Memory protections (0 events):
No events

Nmethod flushes (20 events):
Event: 11.339 Thread 0x0000023ddeb214f0 flushing  nmethod 0x0000023dc999bb90
Event: 11.339 Thread 0x0000023ddeb214f0 flushing  nmethod 0x0000023dc9a06c10
Event: 11.339 Thread 0x0000023ddeb214f0 flushing  nmethod 0x0000023dc9a11210
Event: 11.339 Thread 0x0000023ddeb214f0 flushing  nmethod 0x0000023dc9a11590
Event: 11.339 Thread 0x0000023ddeb214f0 flushing  nmethod 0x0000023dc9a12c10
Event: 11.339 Thread 0x0000023ddeb214f0 flushing  nmethod 0x0000023dc9a8af10
Event: 11.339 Thread 0x0000023ddeb214f0 flushing  nmethod 0x0000023dc9a8b910
Event: 11.339 Thread 0x0000023ddeb214f0 flushing  nmethod 0x0000023dc9b0ca10
Event: 11.339 Thread 0x0000023ddeb214f0 flushing  nmethod 0x0000023dc9bb0910
Event: 11.339 Thread 0x0000023ddeb214f0 flushing  nmethod 0x0000023dc9c54510
Event: 11.339 Thread 0x0000023ddeb214f0 flushing  nmethod 0x0000023dc9cab510
Event: 11.339 Thread 0x0000023ddeb214f0 flushing  nmethod 0x0000023dc9d60c10
Event: 11.339 Thread 0x0000023ddeb214f0 flushing  nmethod 0x0000023dd1452a10
Event: 11.339 Thread 0x0000023ddeb214f0 flushing  nmethod 0x0000023dd14c9490
Event: 11.339 Thread 0x0000023ddeb214f0 flushing  nmethod 0x0000023dc9a54710
Event: 11.339 Thread 0x0000023ddeb214f0 flushing  nmethod 0x0000023dc9a55e90
Event: 11.339 Thread 0x0000023ddeb214f0 flushing  nmethod 0x0000023dc9a56b10
Event: 11.339 Thread 0x0000023ddeb214f0 flushing  nmethod 0x0000023dc9a56f90
Event: 11.339 Thread 0x0000023ddeb214f0 flushing  nmethod 0x0000023dc9aaa210
Event: 11.339 Thread 0x0000023ddeb214f0 flushing  nmethod 0x0000023dc9c39210

Events (20 events):
Event: 8.173 Thread 0x0000023de4b44470 Thread added: 0x0000023de4b93590
Event: 8.204 Thread 0x0000023de4b44470 Thread added: 0x0000023de4ad1360
Event: 8.211 Thread 0x0000023de4b44470 Thread added: 0x0000023de3d81540
Event: 8.217 Thread 0x0000023de3d81540 Thread added: 0x0000023de49be090
Event: 8.219 Thread 0x0000023de3d81540 Thread added: 0x0000023de49be720
Event: 8.221 Thread 0x0000023de3d81540 Thread added: 0x0000023de49bedb0
Event: 8.503 Thread 0x0000023de3d81540 Thread added: 0x0000023de52e69e0
Event: 8.508 Thread 0x0000023de3d81540 Thread added: 0x0000023de52e4910
Event: 8.526 Thread 0x0000023de3d81540 Thread added: 0x0000023de52e4280
Event: 8.864 Thread 0x0000023ddebb7860 Thread added: 0x0000023ddebb7f30
Event: 8.991 Thread 0x0000023de3d81540 Thread added: 0x0000023de52e5630
Event: 9.191 Thread 0x0000023de3d81540 Thread added: 0x0000023de52e3bf0
Event: 9.200 Thread 0x0000023de3d81540 Thread added: 0x0000023de52e6350
Event: 9.331 Thread 0x0000023de3d81540 Thread added: 0x0000023de52e7070
Event: 9.334 Thread 0x0000023de3d81540 Thread added: 0x0000023de52e8420
Event: 9.559 Thread 0x0000023de3d81540 Thread added: 0x0000023de52e7d90
Event: 9.658 Thread 0x0000023de3d81540 Thread added: 0x0000023de52e7700
Event: 9.728 Thread 0x0000023de3d81540 Thread added: 0x0000023de52e8ab0
Event: 10.274 Thread 0x0000023de3d81540 Thread added: 0x0000023de52e9140
Event: 10.536 Thread 0x0000023de3d81540 Thread added: 0x0000023de52ea4f0


Dynamic libraries:
0x00007ff702100000 - 0x00007ff70210a000 	C:\Program Files\Android\Android Studio\jbr\bin\java.exe
0x00007ff81ae40000 - 0x00007ff81b0a8000 	C:\WINDOWS\SYSTEM32\ntdll.dll
0x00007ff819f80000 - 0x00007ff81a049000 	C:\WINDOWS\System32\KERNEL32.DLL
0x00007ff818580000 - 0x00007ff818978000 	C:\WINDOWS\System32\KERNELBASE.dll
0x00007ff818040000 - 0x00007ff81818b000 	C:\WINDOWS\System32\ucrtbase.dll
0x00007fffcd090000 - 0x00007fffcd0ab000 	C:\Program Files\Android\Android Studio\jbr\bin\VCRUNTIME140.dll
0x00007fffc48b0000 - 0x00007fffc48c8000 	C:\Program Files\Android\Android Studio\jbr\bin\jli.dll
0x00007ff81a490000 - 0x00007ff81a657000 	C:\WINDOWS\System32\USER32.dll
0x00007ff818bb0000 - 0x00007ff818bd7000 	C:\WINDOWS\System32\win32u.dll
0x00007ff8041a0000 - 0x00007ff804434000 	C:\WINDOWS\WinSxS\amd64_microsoft.windows.common-controls_6595b64144ccf1df_6.0.26100.7019_none_3e06ffa0e335b8a8\COMCTL32.dll
0x00007ff819f50000 - 0x00007ff819f7b000 	C:\WINDOWS\System32\GDI32.dll
0x00007ff819ea0000 - 0x00007ff819f49000 	C:\WINDOWS\System32\msvcrt.dll
0x00007ff818190000 - 0x00007ff8182bc000 	C:\WINDOWS\System32\gdi32full.dll
0x00007ff818980000 - 0x00007ff818a23000 	C:\WINDOWS\System32\msvcp_win.dll
0x00007ff818be0000 - 0x00007ff818c11000 	C:\WINDOWS\System32\IMM32.DLL
0x00007fffe3450000 - 0x00007fffe345c000 	C:\Program Files\Android\Android Studio\jbr\bin\vcruntime140_1.dll
0x00007fff6d390000 - 0x00007fff6d41d000 	C:\Program Files\Android\Android Studio\jbr\bin\msvcp140.dll
0x00007fff707c0000 - 0x00007fff7144a000 	C:\Program Files\Android\Android Studio\jbr\bin\server\jvm.dll
0x00007ff818c20000 - 0x00007ff818cd4000 	C:\WINDOWS\System32\ADVAPI32.dll
0x00007ff819060000 - 0x00007ff819106000 	C:\WINDOWS\System32\sechost.dll
0x00007ff818f40000 - 0x00007ff819058000 	C:\WINDOWS\System32\RPCRT4.dll
0x00007ff81a080000 - 0x00007ff81a0f4000 	C:\WINDOWS\System32\WS2_32.dll
0x00007ff817df0000 - 0x00007ff817e4e000 	C:\WINDOWS\SYSTEM32\POWRPROF.dll
0x00007ff80a870000 - 0x00007ff80a87b000 	C:\WINDOWS\SYSTEM32\VERSION.dll
0x00007ffffd700000 - 0x00007ffffd735000 	C:\WINDOWS\SYSTEM32\WINMM.dll
0x00007ff817dd0000 - 0x00007ff817de4000 	C:\WINDOWS\SYSTEM32\UMPDC.dll
0x00007ff816d50000 - 0x00007ff816d6b000 	C:\WINDOWS\SYSTEM32\kernel.appcore.dll
0x00007fffcd130000 - 0x00007fffcd13a000 	C:\Program Files\Android\Android Studio\jbr\bin\jimage.dll
0x00007ff815320000 - 0x00007ff815562000 	C:\WINDOWS\SYSTEM32\DBGHELP.DLL
0x00007ff81a100000 - 0x00007ff81a48b000 	C:\WINDOWS\System32\combase.dll
0x00007ff819930000 - 0x00007ff819a07000 	C:\WINDOWS\System32\OLEAUT32.dll
0x00007ff800e20000 - 0x00007ff800e5c000 	C:\WINDOWS\SYSTEM32\dbgcore.DLL
0x00007ff817f90000 - 0x00007ff818035000 	C:\WINDOWS\System32\bcryptPrimitives.dll
0x00007fffc48a0000 - 0x00007fffc48ae000 	C:\Program Files\Android\Android Studio\jbr\bin\instrument.dll
0x00007fffcd070000 - 0x00007fffcd090000 	C:\Program Files\Android\Android Studio\jbr\bin\java.dll
0x00007fffb96a0000 - 0x00007fffb96b8000 	C:\Program Files\Android\Android Studio\jbr\bin\zip.dll
0x00007ff8191d0000 - 0x00007ff819921000 	C:\WINDOWS\System32\SHELL32.dll
0x00007ff8182c0000 - 0x00007ff81842b000 	C:\WINDOWS\System32\wintypes.dll
0x00007ff815b80000 - 0x00007ff8163dd000 	C:\WINDOWS\SYSTEM32\windows.storage.dll
0x00007ff81aad0000 - 0x00007ff81abc2000 	C:\WINDOWS\System32\SHCORE.dll
0x00007ff81ad80000 - 0x00007ff81ade7000 	C:\WINDOWS\System32\shlwapi.dll
0x00007ff817eb0000 - 0x00007ff817ed9000 	C:\WINDOWS\SYSTEM32\profapi.dll
0x00007fffc7e80000 - 0x00007fffc7e90000 	C:\Program Files\Android\Android Studio\jbr\bin\net.dll
0x00007ff810d40000 - 0x00007ff810e68000 	C:\WINDOWS\SYSTEM32\WINHTTP.dll
0x00007ff8172c0000 - 0x00007ff81732b000 	C:\WINDOWS\system32\mswsock.dll
0x00007fffb59a0000 - 0x00007fffb59b6000 	C:\Program Files\Android\Android Studio\jbr\bin\nio.dll
0x00007fffd03a0000 - 0x00007fffd03b0000 	C:\Program Files\Android\Android Studio\jbr\bin\verify.dll
0x00007fff84630000 - 0x00007fff84657000 	C:\Users\Dell\.gradle\native\c067742578af261105cb4f569cf0c3c89f3d7b1fecec35dd04571415982c5e48\windows-amd64\native-platform.dll
0x00007fff6d240000 - 0x00007fff6d384000 	C:\Users\Dell\.gradle\native\100fb08df4bc3b14c8652ba06237920a3bd2aa13389f12d3474272988ae205f9\windows-amd64\native-platform-file-events.dll
0x00007fffc4880000 - 0x00007fffc4889000 	C:\Program Files\Android\Android Studio\jbr\bin\management.dll
0x00007fffc4780000 - 0x00007fffc478b000 	C:\Program Files\Android\Android Studio\jbr\bin\management_ext.dll
0x00007ff81acf0000 - 0x00007ff81acf8000 	C:\WINDOWS\System32\PSAPI.DLL
0x00007ff817580000 - 0x00007ff81759b000 	C:\WINDOWS\SYSTEM32\CRYPTSP.dll
0x00007ff816cb0000 - 0x00007ff816cea000 	C:\WINDOWS\system32\rsaenh.dll
0x00007ff817370000 - 0x00007ff81739b000 	C:\WINDOWS\SYSTEM32\USERENV.dll
0x00007ff817e80000 - 0x00007ff817eaa000 	C:\WINDOWS\SYSTEM32\bcrypt.dll
0x00007ff8175a0000 - 0x00007ff8175ac000 	C:\WINDOWS\SYSTEM32\CRYPTBASE.dll
0x00007ff816870000 - 0x00007ff8168a4000 	C:\WINDOWS\SYSTEM32\IPHLPAPI.DLL
0x00007ff81a950000 - 0x00007ff81a95a000 	C:\WINDOWS\System32\NSI.dll
0x00007fffc4bb0000 - 0x00007fffc4bb9000 	C:\Program Files\Android\Android Studio\jbr\bin\extnet.dll
0x00007fff91210000 - 0x00007fff91218000 	C:\WINDOWS\system32\wshunix.dll

dbghelp: loaded successfully - version: 4.0.5 - missing functions: none
symbol engine: initialized successfully - sym options: 0x614 - pdb path: .;C:\Program Files\Android\Android Studio\jbr\bin;C:\WINDOWS\SYSTEM32;C:\WINDOWS\WinSxS\amd64_microsoft.windows.common-controls_6595b64144ccf1df_6.0.26100.7019_none_3e06ffa0e335b8a8;C:\Program Files\Android\Android Studio\jbr\bin\server;C:\Users\Dell\.gradle\native\c067742578af261105cb4f569cf0c3c89f3d7b1fecec35dd04571415982c5e48\windows-amd64;C:\Users\Dell\.gradle\native\100fb08df4bc3b14c8652ba06237920a3bd2aa13389f12d3474272988ae205f9\windows-amd64

VM Arguments:
jvm_args: --add-opens=java.base/java.lang=ALL-UNNAMED --add-opens=java.base/java.lang.invoke=ALL-UNNAMED --add-opens=java.base/java.util=ALL-UNNAMED --add-opens=java.prefs/java.util.prefs=ALL-UNNAMED --add-exports=jdk.compiler/com.sun.tools.javac.api=ALL-UNNAMED --add-exports=jdk.compiler/com.sun.tools.javac.util=ALL-UNNAMED --add-opens=java.base/java.util=ALL-UNNAMED --add-opens=java.prefs/java.util.prefs=ALL-UNNAMED --add-opens=java.base/java.nio.charset=ALL-UNNAMED --add-opens=java.base/java.net=ALL-UNNAMED --add-opens=java.base/java.util.concurrent.atomic=ALL-UNNAMED --add-opens=java.xml/javax.xml.namespace=ALL-UNNAMED -Xmx2048m -Dfile.encoding=UTF-8 -Duser.country=US -Duser.language=en -Duser.variant -javaagent:C:\Users\Dell\.gradle\wrapper\dists\gradle-8.11.1-bin\bpt9gzteqjrbo1mjrsomdt32c\gradle-8.11.1\lib\agents\gradle-instrumentation-agent-8.11.1.jar 
java_command: org.gradle.launcher.daemon.bootstrap.GradleDaemon 8.11.1
java_class_path (initial): C:\Users\Dell\.gradle\wrapper\dists\gradle-8.11.1-bin\bpt9gzteqjrbo1mjrsomdt32c\gradle-8.11.1\lib\gradle-daemon-main-8.11.1.jar
Launcher Type: SUN_STANDARD

[Global flags]
     intx CICompilerCount                          = 4                                         {product} {ergonomic}
     uint ConcGCThreads                            = 3                                         {product} {ergonomic}
     uint G1ConcRefinementThreads                  = 10                                        {product} {ergonomic}
   size_t G1HeapRegionSize                         = 1048576                                   {product} {ergonomic}
    uintx GCDrainStackTargetSize                   = 64                                        {product} {ergonomic}
   size_t InitialHeapSize                          = 266338304                                 {product} {ergonomic}
   size_t MarkStackSize                            = 4194304                                   {product} {ergonomic}
   size_t MaxHeapSize                              = 2147483648                                {product} {command line}
   size_t MaxNewSize                               = 1287651328                                {product} {ergonomic}
   size_t MinHeapDeltaBytes                        = 1048576                                   {product} {ergonomic}
   size_t MinHeapSize                              = 8388608                                   {product} {ergonomic}
    uintx NonNMethodCodeHeapSize                   = 5839372                                {pd product} {ergonomic}
    uintx NonProfiledCodeHeapSize                  = 122909434                              {pd product} {ergonomic}
     bool PerfDisableSharedMem                     = true                                      {product} {ergonomic}
    uintx ProfiledCodeHeapSize                     = 122909434                              {pd product} {ergonomic}
    uintx ReservedCodeCacheSize                    = 251658240                              {pd product} {ergonomic}
     bool SegmentedCodeCache                       = true                                      {product} {ergonomic}
   size_t SoftMaxHeapSize                          = 2147483648                             {manageable} {ergonomic}
     bool UseCompressedOops                        = true                           {product lp64_product} {ergonomic}
     bool UseG1GC                                  = true                                      {product} {ergonomic}
     bool UseLargePagesIndividualAllocation        = false                                  {pd product} {ergonomic}

Logging:
Log output configuration:
 #0: stdout all=warning uptime,level,tags foldmultilines=false
 #1: stderr all=off uptime,level,tags foldmultilines=false

Environment Variables:
JAVA_HOME=C:\Program Files\Eclipse Adoptium\jdk-23.0.2.7-hotspot\
PATH=C:\Program Files\Eclipse Adoptium\jdk-23.0.2.7-hotspot\bin;C:\Program Files\Microsoft SDKs\Azure\CLI2\wbin;C:\Program Files\Common Files\Oracle\Java\javapath;D:\TriTueNhanTao\Scripts\;D:\TriTueNhanTao\;C:\Program Files (x86)\VMware\VMware Workstation\bin\;C:\Program Files\Microsoft\jdk-11.0.16.101-hotspot\bin;C:\Windows\system32;C:\Windows;C:\Windows\System32\Wbem;C:\Windows\System32\WindowsPowerShell\v1.0\;C:\Windows\System32\OpenSSH\;C:\Program Files (x86)\NVIDIA Corporation\PhysX\Common;C:\Program Files\NVIDIA Corporation\NVIDIA NvDLISR;C:\WINDOWS\system32;C:\WINDOWS;C:\WINDOWS\System32\Wbem;C:\WINDOWS\System32\WindowsPowerShell\v1.0\;C:\WINDOWS\System32\OpenSSH\;C:\Program Files\dotnet\;C:\Program Files\Microsoft SQL Server\150\Tools\Binn\;C:\Program Files\Microsoft SQL Server\Client SDK\ODBC\170\Tools\Binn\;C:\Program Files (x86)\Microsoft SQL Server\150\Tools\Binn\;C:\Program Files\Microsoft SQL Server\150\DTS\Binn\;C:\Program Files (x86)\Microsoft SQL Server\150\DTS\Binn\;C:\WINDOWS\system32;C:\WINDOWS;C:\WINDOWS\System32\Wbem;C:\WINDOWS\System32\WindowsPowerShell\v1.0\;C:\WINDOWS\System32\OpenSSH\;C:\Users\Dell\AppData\Roaming\nvm;C:\Program Files\nodejs;C:\Program Files (x86)\Microsoft SQL Server\160\Tools\Binn\;C:\Program Files\Microsoft SQL Server\160\Tools\Binn\;C:\Program Files\Microsoft SQL Server\160\DTS\Binn\;C:\Program Files (x86)\Microsoft SQL Server\160\DTS\Binn\;C:\Program Files\Git\cmd;C:\Program Files (x86)\Common Files\Acronis\SnapAPI\;C:\Program Files (x86)\Common Files\Acronis\VirtualFile\;C:\Program Files (x86)\Common Files\Acronis\VirtualFile64\;C:\Program Files\Eclipse Adoptium\jdk-23.0.2.7-hotspot\\bin;A:\apache-maven-3.9.9-bin\apache-maven-3.9.9\bin;C:\Users\Dell\AppData\Local\sqlite3;C:\Program Files\Docker\Docker\resources\bin;A:\dart-sdk\bin;A:\nodejs\;C:\ProgramData\chocolatey\bin;C:\Program Files\MySQL\MySQL Shell 8.0\bin\;C:\Users\Dell\AppData\Local\Microsoft\WindowsApps;C:\Program Files (x86)\Dev-Cpp\MinGW64\bin;A:\JetBrainsIntelliJ\bin;;C:\Program Files\Azure Data Studio\bin;C:\Users\Dell\AppData\Local\Programs\Microsoft VS Code\bin;C:\Users\Dell\AppData\Roaming\nvm;C:\Program Files\nodejs;C:\Users\Dell\.dotnet\tools;C:\sqlite;A:\dart-sdk\bin;C:\Users\Dell\AppData\Roaming\npm;A:\JetBrainsIntelliJ\IDEA Community Edition 2021.3\bin;
USERNAME=Nguy?n Thanh Hi?n
OS=Windows_NT
PROCESSOR_IDENTIFIER=Intel64 Family 6 Model 165 Stepping 2, GenuineIntel
TMP=C:\Users\Dell\AppData\Local\Temp
TEMP=C:\Users\Dell\AppData\Local\Temp




Periodic native trim disabled

JNI global refs:
JNI global refs: 26, weak refs: 0

JNI global refs memory usage: 835, weak refs: 833

Process memory usage:
Resident Set Size: 323760K (1% of 16533184K total physical memory with 2854564K free physical memory)

OOME stack traces (most recent first):
Classloader memory used:
Loader org.gradle.internal.classloader.VisitableURLClassLoader                         : 28812K
Loader bootstrap                                                                       : 22287K
Loader org.gradle.initialization.MixInLegacyTypesClassLoader                           : 7537K
Loader jdk.internal.loader.ClassLoaders$PlatformClassLoader                            : 499K
Loader jdk.internal.loader.ClassLoaders$AppClassLoader                                 : 234K
Loader org.gradle.groovy.scripts.internal.DefaultScriptCompilationHandler$ScriptClassLoader: 77816B
Loader org.gradle.internal.classloader.VisitableURLClassLoader                         : 44792B
Loader jdk.internal.reflect.DelegatingClassLoader                                      : 44280B
Loader org.codehaus.groovy.runtime.callsite.CallSiteClassLoader                        : 6528B

Classes loaded by more than one classloader:
Class org.gradle.internal.classloader.FilteringClassLoader                            : loaded 2 times (x 101B)
Class org.gradle.internal.classloader.ClassLoaderHierarchy                            : loaded 2 times (x 66B)
Class org.gradle.api.internal.classpath.ManifestUtil                                  : loaded 2 times (x 67B)
Class org.gradle.internal.classloader.DefaultClassLoaderFactory                       : loaded 2 times (x 78B)
Class org.gradle.internal.classloader.ClassLoaderVisitor                              : loaded 2 times (x 72B)
Class org.gradle.api.internal.classpath.EffectiveClassPath                            : loaded 2 times (x 86B)
Class org.gradle.api.internal.DefaultClassPathProvider                                : loaded 2 times (x 72B)
Class [Lorg.gradle.api.internal.ClassPathProvider;                                    : loaded 2 times (x 65B)
Class org.gradle.api.internal.ClassPathProvider                                       : loaded 2 times (x 66B)
Class org.gradle.internal.service.UnknownServiceException                             : loaded 2 times (x 79B)
Class org.gradle.internal.classpath.TransformedClassPath                              : loaded 2 times (x 92B)
Class org.gradle.internal.classloader.InstrumentingClassLoader                        : loaded 2 times (x 66B)
Class org.gradle.internal.service.ServiceLocator                                      : loaded 2 times (x 66B)
Class org.gradle.internal.InternalTransformer                                         : loaded 2 times (x 66B)
Class org.gradle.internal.classloader.ClasspathUtil$1                                 : loaded 2 times (x 72B)
Class org.gradle.api.internal.classpath.DefaultModuleRegistry$DefaultModule           : loaded 2 times (x 82B)
Class org.gradle.api.internal.classpath.Module                                        : loaded 2 times (x 66B)
Class org.gradle.api.internal.classpath.UnknownModuleException                        : loaded 2 times (x 78B)
Class org.gradle.api.internal.DefaultClassPathRegistry                                : loaded 2 times (x 72B)
Class org.gradle.api.internal.ClassPathRegistry                                       : loaded 2 times (x 66B)
Class org.gradle.internal.classpath.DefaultClassPath$ImmutableUniqueList              : loaded 2 times (x 195B)
Class org.gradle.internal.classpath.ClassPath                                         : loaded 2 times (x 66B)
Class org.gradle.api.UncheckedIOException                                             : loaded 2 times (x 78B)
Class org.gradle.internal.installation.GradleInstallation$1                           : loaded 2 times (x 71B)
Class org.gradle.api.internal.classpath.ModuleRegistry                                : loaded 2 times (x 66B)
Class org.gradle.api.internal.classpath.DefaultModuleRegistry                         : loaded 2 times (x 82B)
Class settings_ez43vg5jsk9z41q49myxdhp3i$_run_closure1$_closure2                      : loaded 2 times (x 135B)
Class settings_ez43vg5jsk9z41q49myxdhp3i                                              : loaded 2 times (x 175B)
Class org.gradle.internal.service.ServiceLookupException                              : loaded 2 times (x 78B)
Class org.gradle.internal.classloader.ClassLoaderFactory                              : loaded 2 times (x 66B)
Class org.gradle.internal.service.CachingServiceLocator                               : loaded 2 times (x 78B)
Class org.gradle.internal.classloader.ClasspathUtil                                   : loaded 2 times (x 67B)
Class settings_ez43vg5jsk9z41q49myxdhp3i$_run_closure1                                : loaded 2 times (x 135B)
Class org.gradle.api.specs.Spec                                                       : loaded 2 times (x 66B)
Class org.gradle.internal.classloader.VisitableURLClassLoader$InstrumentingVisitableURLClassLoader: loaded 2 times (x 119B)
Class org.gradle.internal.classloader.VisitableURLClassLoader$Spec                    : loaded 2 times (x 70B)
Class org.gradle.internal.classpath.DefaultClassPath                                  : loaded 2 times (x 86B)
Class org.gradle.internal.classloader.ClassLoaderSpec                                 : loaded 2 times (x 67B)
Class org.gradle.internal.classloader.VisitableURLClassLoader                         : loaded 2 times (x 113B)
Class org.gradle.internal.Cast                                                        : loaded 2 times (x 67B)
Class org.gradle.api.Action                                                           : loaded 2 times (x 66B)
Class org.gradle.internal.classpath.DefaultClassPath$ImmutableUniqueList$Builder      : loaded 2 times (x 71B)
Class org.gradle.api.GradleException                                                  : loaded 2 times (x 78B)
Class org.gradle.internal.IoActions                                                   : loaded 2 times (x 67B)
Class org.gradle.internal.classloader.SystemClassLoaderSpec                           : loaded 2 times (x 67B)
Class org.gradle.api.internal.classpath.GlobalCacheRootsProvider                      : loaded 2 times (x 66B)
Class org.gradle.internal.installation.CurrentGradleInstallationLocator               : loaded 2 times (x 67B)
Class org.gradle.internal.service.DefaultServiceLocator                               : loaded 2 times (x 79B)
Class org.gradle.internal.installation.CurrentGradleInstallation                      : loaded 2 times (x 69B)
Class org.gradle.util.internal.GUtil                                                  : loaded 2 times (x 67B)
Class org.gradle.internal.installation.GradleInstallation                             : loaded 2 times (x 71B)

---------------  S Y S T E M  ---------------

OS:
 Windows 11 , 64 bit Build 26100 (10.0.26100.7019)
OS uptime: 5 days 23:22 hours
Hyper-V role detected

CPU: total 12 (initial active 12) (6 cores per cpu, 2 threads per core) family 6 model 165 stepping 2 microcode 0xfc, cx8, cmov, fxsr, ht, mmx, 3dnowpref, sse, sse2, sse3, ssse3, sse4.1, sse4.2, popcnt, lzcnt, tsc, tscinvbit, avx, avx2, aes, erms, clmul, bmi1, bmi2, adx, fma, vzeroupper, clflush, clflushopt, hv, rdtscp, f16c
Processor Information for all 12 processors :
  Max Mhz: 2592, Current Mhz: 2592, Mhz Limit: 2592

Memory: 4k page, system-wide physical 16145M (2787M free)
TotalPageFile size 45952M (AvailPageFile size 5M)
current process WorkingSet (physical memory assigned to process): 316M, peak: 316M
current process commit charge ("private bytes"): 357M, peak: 388M

vm_info: OpenJDK 64-Bit Server VM (21.0.5+-13047016-b750.29) for windows-amd64 JRE (21.0.5+-13047016-b750.29), built on 2025-02-11T21:12:39Z by "builder" with MS VC++ 16.10 / 16.11 (VS2019)

END.
